<?xml version="1.0" encoding="utf-8"?><testsuites name="pytest tests"><testsuite name="pytest" errors="0" failures="0" skipped="0" tests="16" time="3.712" timestamp="2026-06-13T00:39:02.878803+00:00" hostname="agent-env-59a94d25-7d70-4f5a-b734-5f1407d9c256"><testcase classname="tests.test_p2_deploy_extras.TestClone" name="test_op_clone_returns_new_blank_domain" time="0.587" /><testcase classname="tests.test_p2_deploy_extras.TestClone" name="test_ai_clone_works" time="0.111" /><testcase classname="tests.test_p2_deploy_extras.TestClone" name="test_clone_requires_auth" time="0.097" /><testcase classname="tests.test_p2_deploy_extras.TestClone" name="test_clone_404_for_unknown" time="0.046" /><testcase classname="tests.test_p2_deploy_extras.TestPatchDomain" name="test_update_domain" time="0.090" /><testcase classname="tests.test_p2_deploy_extras.TestPatchDomain" name="test_update_domain_404" time="0.047" /><testcase classname="tests.test_p2_deploy_extras.TestPatchDomain" name="test_update_domain_empty_400" time="0.048" /><testcase classname="tests.test_p2_deploy_extras.TestSelfDownload" name="test_op_self_download" time="0.144" /><testcase classname="tests.test_p2_deploy_extras.TestSelfDownload" name="test_ai_self_download" time="0.201" /><testcase classname="tests.test_p2_deploy_extras.TestSelfDownload" name="test_ai_self_download_requires_auth" time="0.099" /><testcase classname="tests.test_p2_deploy_extras.TestProjectDownload" name="test_op_download_returns_zip_or_502" time="0.402" /><testcase classname="tests.test_p2_deploy_extras.TestProjectDownload" name="test_ai_download_requires_auth" time="0.092" /><testcase classname="tests.test_p2_deploy_extras.TestProjectDownload" name="test_op_download_404_unknown" time="0.046" /><testcase classname="tests.test_p2_deploy_extras.TestCodeReview" name="test_op_code_review_reachable" time="1.368" /><testcase classname="tests.test_p2_deploy_extras.TestCodeReview" name="test_ai_code_review_requires_auth" time="0.103" /><testcase classname="tests.test_p2_deploy_extras.TestCodeReview" name="test_op_code_review_404_unknown" time="0.142" /></testsuite></testsuites>