<?xml version="1.0" encoding="utf-8"?><testsuites name="pytest tests"><testsuite name="pytest" errors="0" failures="0" skipped="1" tests="77" time="15.091" timestamp="2026-06-13T09:28:19.791059+00:00" hostname="agent-env-59a94d25-7d70-4f5a-b734-5f1407d9c256"><testcase classname="tests.test_p0_review.TestOperatorCodesFile" name="test_read_server_py" time="0.433" /><testcase classname="tests.test_p0_review.TestOperatorCodesFile" name="test_disallowed_path" time="0.370" /><testcase classname="tests.test_p0_review.TestOperatorCodesFile" name="test_missing_file" time="0.368" /><testcase classname="tests.test_p0_review.TestPasswordResetDecode" name="test_forgot_password_then_reset" time="0.671"><skipped type="pytest.skip" message="forgot-password did not return token in response; reset-decode bad-token path verified">/app/backend/tests/test_p0_review.py:113: forgot-password did not return token in response; reset-decode bad-token path verified</skipped></testcase><testcase classname="tests.test_p0_review.TestPasswordResetDecode" name="test_reset_with_invalid_token" time="0.094" /><testcase classname="tests.test_p0_review.TestTwoFactorCookieVerify" name="test_register_enable_2fa_login_verify_via_cookie" time="1.835" /><testcase classname="tests.test_p0_review.TestTwoFactorCookieVerify" name="test_verify_without_session_fails_clean" time="0.099" /><testcase classname="tests.test_p1_refactor.TestOpsHealth" name="test_health_payload_shape" time="0.590" /><testcase classname="tests.test_p1_refactor.TestWithdrawCron" name="test_cron_returns_ran_at_and_attempts" time="0.053" /><testcase classname="tests.test_p1_refactor.TestConnectionDispatch" name="test_known_providers_return_ok_message[paypal]" time="0.051" /><testcase classname="tests.test_p1_refactor.TestConnectionDispatch" name="test_known_providers_return_ok_message[stripe]" time="0.193" /><testcase classname="tests.test_p1_refactor.TestConnectionDispatch" name="test_known_providers_return_ok_message[resend]" time="0.202" /><testcase classname="tests.test_p1_refactor.TestConnectionDispatch" name="test_unknown_provider_returns_400" time="0.052" /><testcase classname="tests.test_p1_refactor.TestTransactionsExport" name="test_export_no_data_returns_404" time="0.050" /><testcase classname="tests.test_p1_refactor.TestTransactionsExport" name="test_export_invalid_date_returns_400" time="0.050" /><testcase classname="tests.test_p1_refactor.TestTransactionsExport" name="test_export_with_data_returns_pdf" time="0.052" /><testcase classname="tests.test_p1_refactor.TestBillingPortal" name="test_unauthenticated_rejected" time="0.147" /><testcase classname="tests.test_p1_refactor.TestBillingPortal" name="test_operator_with_no_billing_returns_404_or_503" time="0.175" /><testcase classname="tests.test_p1_refactor.TestCreditPacks" name="test_public_plans_excludes_credit_packs" time="0.090" /><testcase classname="tests.test_p1_refactor.TestCreditPacks" name="test_operator_plans_includes_credit_packs" time="0.051" /><testcase classname="tests.test_p1_refactor.TestDeployProjectsAPI" name="test_unauthenticated_rejected" time="0.090" /><testcase classname="tests.test_p1_refactor.TestDeployProjectsAPI" name="test_invalid_bearer_rejected" time="0.093" /><testcase classname="tests.test_p1_refactor.TestDeployProjectsAPI" name="test_full_lifecycle" time="0.636" /><testcase classname="tests.test_p1_refactor.TestDeployProjectsAPI" name="test_key_status_endpoint_never_echoes_secrets" time="0.097" /><testcase classname="tests.test_p1_refactor.TestAIDeployEndpoints" name="test_deploy_requires_bearer" time="0.092" /><testcase classname="tests.test_p1_refactor.TestAIDeployEndpoints" name="test_deploy_rejects_invalid_bearer" time="0.097" /><testcase classname="tests.test_p1_refactor.TestAIDeployEndpoints" name="test_deploy_validates_target" time="0.334" /><testcase classname="tests.test_p1_refactor.TestAIDeployEndpoints" name="test_deploy_404_for_unknown_project" time="0.151" /><testcase classname="tests.test_p1_refactor.TestAIDeployEndpoints" name="test_redeploy_400_without_prior_deploy" time="0.342" /><testcase classname="tests.test_p2_deploy_extras.TestClone" name="test_op_clone_returns_new_blank_domain" time="0.496" /><testcase classname="tests.test_p2_deploy_extras.TestClone" name="test_ai_clone_works" time="0.097" /><testcase classname="tests.test_p2_deploy_extras.TestClone" name="test_clone_requires_auth" time="0.091" /><testcase classname="tests.test_p2_deploy_extras.TestClone" name="test_clone_404_for_unknown" time="0.046" /><testcase classname="tests.test_p2_deploy_extras.TestPatchDomain" name="test_update_domain" time="0.092" /><testcase classname="tests.test_p2_deploy_extras.TestPatchDomain" name="test_update_domain_404" time="0.046" /><testcase classname="tests.test_p2_deploy_extras.TestPatchDomain" name="test_update_domain_empty_400" time="0.046" /><testcase classname="tests.test_p2_deploy_extras.TestSelfDownload" name="test_op_self_download" time="0.149" /><testcase classname="tests.test_p2_deploy_extras.TestSelfDownload" name="test_ai_self_download" time="0.204" /><testcase classname="tests.test_p2_deploy_extras.TestSelfDownload" name="test_ai_self_download_requires_auth" time="0.096" /><testcase classname="tests.test_p2_deploy_extras.TestProjectDownload" name="test_op_download_returns_zip_or_502" time="0.346" /><testcase classname="tests.test_p2_deploy_extras.TestProjectDownload" name="test_ai_download_requires_auth" time="0.091" /><testcase classname="tests.test_p2_deploy_extras.TestProjectDownload" name="test_op_download_404_unknown" time="0.047" /><testcase classname="tests.test_p2_deploy_extras.TestCodeReview" name="test_op_code_review_reachable" time="0.316" /><testcase classname="tests.test_p2_deploy_extras.TestCodeReview" name="test_ai_code_review_requires_auth" time="0.102" /><testcase classname="tests.test_p2_deploy_extras.TestCodeReview" name="test_op_code_review_404_unknown" time="0.140" /><testcase classname="tests.test_p3_ship_gate.TestProductionBlocked" name="test_production_returns_412_with_review_payload" time="0.366" /><testcase classname="tests.test_p3_ship_gate.TestFixChatSeeded" name="test_fix_chat_session_has_user_message_with_findings" time="0.086" /><testcase classname="tests.test_p3_ship_gate.TestBypassReview" name="test_bypass_review_skips_gate_and_attempts_vercel" time="0.081" /><testcase classname="tests.test_p3_ship_gate.TestPreviewSkipsGate" name="test_preview_does_not_trigger_412" time="0.042" /><testcase classname="tests.test_p3_ship_gate.TestAISurfaceObeysGate" name="test_ai_surface_production_blocked_by_default" time="0.156" /><testcase classname="tests.test_p3_ship_gate.TestAISurfaceObeysGate" name="test_ai_surface_with_bypass_skips_gate" time="0.103" /><testcase classname="tests.test_p4_autopilot" name="test_do_not_ship_emits_gate_blocked" time="0.011" /><testcase classname="tests.test_p4_autopilot" name="test_bypass_review_skips_gate" time="0.003" /><testcase classname="tests.test_p4_autopilot" name="test_unknown_project_emits_single_loop_error" time="0.003" /><testcase classname="tests.test_p4_autopilot" name="test_ship_verdict_skips_gate" time="0.003" /><testcase classname="tests.test_p4_autopilot" name="test_ai_surface_unauth_returns_401" time="0.001" /><testcase classname="tests.test_p4_autopilot" name="test_ai_surface_bearer_same_sse_shape" time="0.004" /><testcase classname="tests.test_p5_auto_fix" name="test_disabled_autofix_still_blocks" time="0.006" /><testcase classname="tests.test_p5_auto_fix" name="test_autofix_converges_to_ship" time="0.004" /><testcase classname="tests.test_p5_auto_fix" name="test_autofix_exhausted_emits_gate_blocked" time="0.004" /><testcase classname="tests.test_p5_auto_fix" name="test_autofix_max_iterations_hard_capped" time="0.003" /><testcase classname="tests.test_p6_1_referral_credits" name="test_referral_includes_credits_awarded" time="0.364" /><testcase classname="tests.test_p6_1_referral_credits" name="test_record_referral_earning_credits_referrer" time="0.011" /><testcase classname="tests.test_p6_session_features.TestDiscountCampaign" name="test_apply_and_clear" time="0.624" /><testcase classname="tests.test_p6_session_features.TestMarketingBanner" name="test_public_get" time="0.088" /><testcase classname="tests.test_p6_session_features.TestMarketingBanner" name="test_operator_put_and_speed_clamp" time="0.194" /><testcase classname="tests.test_p6_session_features.TestProjectSettings" name="test_get_settings_shape" time="0.096" /><testcase classname="tests.test_p6_session_features.TestProjectSettings" name="test_put_settings_env_var_lifecycle" time="0.440" /><testcase classname="tests.test_p6_session_features.TestDeployKey" name="test_key_endpoint_has_github_token_field" time="0.043" /><testcase classname="tests.test_p6_session_features.TestNotifications" name="test_audiences" time="0.043" /><testcase classname="tests.test_p6_session_features.TestNotifications" name="test_user_list_empty_for_fresh" time="0.385" /><testcase classname="tests.test_p6_session_features.TestNotifications" name="test_dm_single_user_and_user_reads" time="0.355" /><testcase classname="tests.test_p6_session_features.TestNotifications" name="test_2fa_reminder_idempotent_and_creates_fresh" time="0.370" /><testcase classname="tests.test_p6_session_features.TestNotifications" name="test_broadcast_only_no_2fa_filter" time="0.086" /><testcase classname="tests.test_p6_session_features.TestNotifications" name="test_read_all" time="0.218" /><testcase classname="tests.test_p6_session_features.TestNotifications" name="test_delete_others_notification_forbidden" time="0.170" /><testcase classname="tests.test_p6_session_features.TestCreditsAdjuster" name="test_add_and_deduct" time="0.190" /></testsuite></testsuites>