<?xml version="1.0" encoding="utf-8"?><testsuites name="pytest tests"><testsuite name="pytest" errors="0" failures="0" skipped="3" tests="14" time="1.621" timestamp="2026-06-14T01:39:43.763951+00:00" hostname="agent-env-59a94d25-7d70-4f5a-b734-5f1407d9c256"><testcase classname="backend.tests.test_iter23_ai_build.TestAuthGating" name="test_history_unauth_401" time="0.180" /><testcase classname="backend.tests.test_iter23_ai_build.TestAuthGating" name="test_plan_unauth_401" time="0.105" /><testcase classname="backend.tests.test_iter23_ai_build.TestAuthGating" name="test_open_pr_unauth_401" time="0.110" /><testcase classname="backend.tests.test_iter23_ai_build.TestAuthGating" name="test_discard_unauth_401" time="0.096" /><testcase classname="backend.tests.test_iter23_ai_build.TestAuthGating" name="test_non_operator_user_gets_403" time="0.140"><skipped type="pytest.skip" message="cannot create non-operator user: 401 {&quot;detail&quot;:&quot;Invalid email or password&quot;}">/app/backend/tests/test_iter23_ai_build.py:87: cannot create non-operator user: 401 {"detail":"Invalid email or password"}</skipped></testcase><testcase classname="backend.tests.test_iter23_ai_build.TestHistory" name="test_history_authenticated_200" time="0.364" /><testcase classname="backend.tests.test_iter23_ai_build.TestPlan" name="test_plan_unknown_project_404" time="0.046" /><testcase classname="backend.tests.test_iter23_ai_build.TestPlan" name="test_plan_prompt_too_short_422" time="0.091" /><testcase classname="backend.tests.test_iter23_ai_build.TestPlan" name="test_plan_happy_path_or_503" time="0.051"><skipped type="pytest.skip" message="AI Build not configured (expected behaviour): {&quot;detail&quot;:&quot;github_token not set in Operator → Security.&quot;}">/app/backend/tests/test_iter23_ai_build.py:129: AI Build not configured (expected behaviour): {"detail":"github_token not set in Operator → Security."}</skipped></testcase><testcase classname="backend.tests.test_iter23_ai_build.TestPlan" name="test_plan_blocked_paths_filtered" time="0.044"><skipped type="pytest.skip" message="AI Build not configured / LLM transient: 503 {&quot;detail&quot;:&quot;github_token not set in Operator → Security.&quot;}">/app/backend/tests/test_iter23_ai_build.py:153: AI Build not configured / LLM transient: 503 {"detail":"github_token not set in Operator → Security."}</skipped></testcase><testcase classname="backend.tests.test_iter23_ai_build.TestDiscard" name="test_discard_missing_plan_404" time="0.046" /><testcase classname="backend.tests.test_iter23_ai_build.TestDiscard" name="test_discard_planned_then_verify" time="0.114" /><testcase classname="backend.tests.test_iter23_ai_build.TestDiscard" name="test_open_pr_unknown_plan_404" time="0.043" /><testcase classname="backend.tests.test_iter23_ai_build.TestDiscard" name="test_open_pr_already_opened_409" time="0.048" /></testsuite></testsuites>