<?xml version="1.0" encoding="utf-8"?><testsuites name="pytest tests"><testsuite name="pytest" errors="0" failures="0" skipped="0" tests="19" time="2.303" timestamp="2026-06-14T17:53:44.836316+00:00" hostname="agent-env-59a94d25-7d70-4f5a-b734-5f1407d9c256"><testcase classname="tests.test_iter28_suggestions_autopush.TestSuggestionsAuth" name="test_post_requires_auth" time="0.208" /><testcase classname="tests.test_iter28_suggestions_autopush.TestSuggestionsAuth" name="test_get_requires_auth" time="0.110" /><testcase classname="tests.test_iter28_suggestions_autopush.TestSuggestionsContract" name="test_post_unknown_project_404" time="0.463" /><testcase classname="tests.test_iter28_suggestions_autopush.TestSuggestionsContract" name="test_get_unknown_project_404" time="0.132" /><testcase classname="tests.test_iter28_suggestions_autopush.TestSuggestionsContract" name="test_post_project_without_repo_412" time="0.215" /><testcase classname="tests.test_iter28_suggestions_autopush.TestSuggestionsContract" name="test_get_no_cache_returns_empty" time="0.118" /><testcase classname="tests.test_iter28_suggestions_autopush.TestSuggestionsContract" name="test_get_cached_payload_shape" time="0.109" /><testcase classname="tests.test_iter28_suggestions_autopush.TestPlanRequestSource" name="test_plan_request_model_accepts_source" time="0.223" /><testcase classname="tests.test_iter28_suggestions_autopush.TestPlanRequestSource" name="test_plan_request_default_source_is_manual" time="0.000" /><testcase classname="tests.test_iter28_suggestions_autopush.TestPlanRequestSource" name="test_plan_endpoint_does_not_422_on_source" time="0.106" /><testcase classname="tests.test_iter28_suggestions_autopush.TestAutoFixConfig" name="test_status_includes_auto_push_empty_repo" time="0.113" /><testcase classname="tests.test_iter28_suggestions_autopush.TestHelperImports" name="test_do_initial_push_importable" time="0.001" /><testcase classname="tests.test_iter28_suggestions_autopush.TestHelperImports" name="test_empty_repo_sweep_helper_exists" time="0.002" /><testcase classname="tests.test_iter28_suggestions_autopush.TestHelperImports" name="test_empty_repo_sweep_called_in_run_auto_fix_tick" time="0.003" /><testcase classname="tests.test_iter28_suggestions_autopush.TestHelperImports" name="test_empty_repo_sweep_output_shape" time="0.001" /><testcase classname="tests.test_iter28_suggestions_autopush.TestInitialPushRegression" name="test_unknown_project_404" time="0.104" /><testcase classname="tests.test_iter28_suggestions_autopush.TestInitialPushRegression" name="test_requires_auth" time="0.108" /><testcase classname="tests.test_iter28_suggestions_autopush.TestBaselineRegression" name="test_deploy_projects_list" time="0.105" /><testcase classname="tests.test_iter28_suggestions_autopush.TestBaselineRegression" name="test_ai_build_history" time="0.116" /></testsuite></testsuites>