<?xml version="1.0" encoding="utf-8"?><testsuites name="pytest tests"><testsuite name="pytest" errors="0" failures="0" skipped="0" tests="10" time="10.778" timestamp="2026-06-15T00:57:51.311029+00:00" hostname="agent-env-59a94d25-7d70-4f5a-b734-5f1407d9c256"><testcase classname="backend.tests.test_iter32_redis_s3_diff_proxies.TestRuntimeErrorsRedisAndXFF" name="test_ingest_xff_first_hop_default" time="1.061" /><testcase classname="backend.tests.test_iter32_redis_s3_diff_proxies.TestRuntimeErrorsRedisAndXFF" name="test_rate_limit_triggers_after_30" time="8.020" /><testcase classname="backend.tests.test_iter32_redis_s3_diff_proxies.TestS3MirrorGated" name="test_snapshots_list_s3_flags" time="0.430" /><testcase classname="backend.tests.test_iter32_redis_s3_diff_proxies.TestS3MirrorGated" name="test_create_snapshot_reports_s3_mirrored_false" time="0.102" /><testcase classname="backend.tests.test_iter32_redis_s3_diff_proxies.TestRestorePreviewDiff" name="test_diff_returns_all_five_collections" time="0.213" /><testcase classname="backend.tests.test_iter32_redis_s3_diff_proxies.TestRestorePreviewDiff" name="test_diff_blocks_path_traversal" time="0.222" /><testcase classname="backend.tests.test_iter32_redis_s3_diff_proxies.TestRestorePreviewDiff" name="test_diff_requires_operator" time="0.097" /><testcase classname="backend.tests.test_iter32_redis_s3_diff_proxies.TestRegressionIter30And31" name="test_operator_login_ok" time="0.345" /><testcase classname="backend.tests.test_iter32_redis_s3_diff_proxies.TestRegressionIter30And31" name="test_deploy_projects_loads" time="0.100" /><testcase classname="backend.tests.test_iter32_redis_s3_diff_proxies.TestRegressionIter30And31" name="test_backup_export_works" time="0.102" /></testsuite></testsuites>