<?xml version="1.0" encoding="utf-8"?><testsuites name="pytest tests"><testsuite name="pytest" errors="0" failures="0" skipped="0" tests="10" time="4.811" timestamp="2026-06-13T20:15:24.342371+00:00" hostname="agent-env-59a94d25-7d70-4f5a-b734-5f1407d9c256"><testcase classname="tests.test_iter15_ai_brain_fallback_autoheal.TestAIBrainMaturity" name="test_maturity_200_with_models" time="0.426" /><testcase classname="tests.test_iter15_ai_brain_fallback_autoheal.TestAIBrainTimeline" name="test_timeline_4w_returns_5_buckets" time="0.043" /><testcase classname="tests.test_iter15_ai_brain_fallback_autoheal.TestAIBrainTimeline" name="test_timeline_no_tz_errors" time="0.046" /><testcase classname="tests.test_iter15_ai_brain_fallback_autoheal.TestAIBrainSkills" name="test_skills_200_schema" time="0.044" /><testcase classname="tests.test_iter15_ai_brain_fallback_autoheal.TestAIBrainSkills" name="test_skills_seed_keywords_classified" time="0.264" /><testcase classname="tests.test_iter15_ai_brain_fallback_autoheal.TestDeployAutoHealPatch" name="test_patch_auto_heal_true" time="0.095" /><testcase classname="tests.test_iter15_ai_brain_fallback_autoheal.TestDeployAutoHealPatch" name="test_patch_auto_heal_false" time="0.090" /><testcase classname="tests.test_iter15_ai_brain_fallback_autoheal.TestDeployAutoHealPatch" name="test_patch_combined_auto_promote_and_auto_heal" time="0.143" /><testcase classname="tests.test_iter15_ai_brain_fallback_autoheal.TestChatStreamHappy" name="test_chat_stream_emits_delta_and_done" time="2.351" /><testcase classname="tests.test_iter15_ai_brain_fallback_autoheal.TestChatStreamHappy" name="test_chat_stream_unknown_model_defaults_ok" time="1.227" /></testsuite></testsuites>