<?xml version="1.0" encoding="utf-8"?><testsuites name="pytest tests"><testsuite name="pytest" errors="0" failures="0" skipped="0" tests="6" time="5.740" timestamp="2026-06-13T20:23:23.806108+00:00" hostname="agent-env-59a94d25-7d70-4f5a-b734-5f1407d9c256"><testcase classname="tests.test_iter16_ai_test_bench.TestModelsEndpoint" name="test_list_models_returns_eight_curated_entries" time="0.495" /><testcase classname="tests.test_iter16_ai_test_bench.TestRunSingleModel" name="test_run_gpt_41_returns_correct_shape" time="0.835" /><testcase classname="tests.test_iter16_ai_test_bench.TestRunSingleModel" name="test_run_persists_and_surfaces_via_models" time="0.060" /><testcase classname="tests.test_iter16_ai_test_bench.TestInvalidModel" name="test_unknown_model_returns_400" time="0.052" /><testcase classname="tests.test_iter16_ai_test_bench.TestHistory" name="test_history_returns_newest_first_and_includes_prior_run" time="0.065" /><testcase classname="tests.test_iter16_ai_test_bench.TestRunAll" name="test_run_all_fans_out_under_60s" time="4.147" /></testsuite></testsuites>