<?xml version="1.0" encoding="utf-8"?><testsuites name="pytest tests"><testsuite name="pytest" errors="0" failures="0" skipped="0" tests="11" time="3.096" timestamp="2026-06-14T17:32:45.424880+00:00" hostname="agent-env-59a94d25-7d70-4f5a-b734-5f1407d9c256"><testcase classname="backend.tests.test_iter27_empty_repo_and_sidebar.TestInitialPushEndpoint" name="test_anonymous_rejected" time="0.200" /><testcase classname="backend.tests.test_iter27_empty_repo_and_sidebar.TestInitialPushEndpoint" name="test_unknown_project_returns_404" time="0.421" /><testcase classname="backend.tests.test_iter27_empty_repo_and_sidebar.TestInitialPushEndpoint" name="test_project_without_repo_returns_412" time="0.134" /><testcase classname="backend.tests.test_iter27_empty_repo_and_sidebar.TestSidebarFiltersFixReview" name="test_fix_review_session_hidden_from_listing" time="0.050" /><testcase classname="backend.tests.test_iter27_empty_repo_and_sidebar.TestDeployRepoEmptyShortCircuit" name="test_deploy_returns_412_when_last_review_repo_empty" time="0.052" /><testcase classname="backend.tests.test_iter27_empty_repo_and_sidebar.TestCodeReviewEmptyRepoFastPath" name="test_empty_snapshot_short_circuits_to_repo_empty" time="1.928" /><testcase classname="backend.tests.test_iter27_empty_repo_and_sidebar.TestVisualVerifyRegression" name="test_anonymous_visual_verify_rejected" time="0.048" /><testcase classname="backend.tests.test_iter27_empty_repo_and_sidebar.TestVisualVerifyRegression" name="test_unknown_plan_visual_verify_returns_404" time="0.048" /><testcase classname="backend.tests.test_iter27_empty_repo_and_sidebar.TestBaselineRegression" name="test_deploy_projects_list" time="0.049" /><testcase classname="backend.tests.test_iter27_empty_repo_and_sidebar.TestBaselineRegression" name="test_ai_build_history" time="0.046" /><testcase classname="backend.tests.test_iter27_empty_repo_and_sidebar.TestBaselineRegression" name="test_auto_fix_status" time="0.050" /></testsuite></testsuites>