<?xml version="1.0" encoding="utf-8"?><testsuites name="pytest tests"><testsuite name="pytest" errors="0" failures="0" skipped="1" tests="75" time="17.310" timestamp="2026-06-13T09:06:30.211382+00:00" hostname="agent-env-59a94d25-7d70-4f5a-b734-5f1407d9c256"><testcase classname="backend.tests.test_p0_review.TestOperatorCodesFile" name="test_read_server_py" time="0.428" /><testcase classname="backend.tests.test_p0_review.TestOperatorCodesFile" name="test_disallowed_path" time="0.386" /><testcase classname="backend.tests.test_p0_review.TestOperatorCodesFile" name="test_missing_file" time="0.359" /><testcase classname="backend.tests.test_p0_review.TestPasswordResetDecode" name="test_forgot_password_then_reset" time="0.689"><skipped type="pytest.skip" message="forgot-password did not return token in response; reset-decode bad-token path verified">/app/backend/tests/test_p0_review.py:113: forgot-password did not return token in response; reset-decode bad-token path verified</skipped></testcase><testcase classname="backend.tests.test_p0_review.TestPasswordResetDecode" name="test_reset_with_invalid_token" time="0.094" /><testcase classname="backend.tests.test_p0_review.TestTwoFactorCookieVerify" name="test_register_enable_2fa_login_verify_via_cookie" time="1.921" /><testcase classname="backend.tests.test_p0_review.TestTwoFactorCookieVerify" name="test_verify_without_session_fails_clean" time="0.316" /><testcase classname="backend.tests.test_p1_refactor.TestOpsHealth" name="test_health_payload_shape" time="0.612" /><testcase classname="backend.tests.test_p1_refactor.TestWithdrawCron" name="test_cron_returns_ran_at_and_attempts" time="0.042" /><testcase classname="backend.tests.test_p1_refactor.TestConnectionDispatch" name="test_known_providers_return_ok_message[paypal]" time="0.043" /><testcase classname="backend.tests.test_p1_refactor.TestConnectionDispatch" name="test_known_providers_return_ok_message[stripe]" time="0.229" /><testcase classname="backend.tests.test_p1_refactor.TestConnectionDispatch" name="test_known_providers_return_ok_message[resend]" time="0.207" /><testcase classname="backend.tests.test_p1_refactor.TestConnectionDispatch" name="test_unknown_provider_returns_400" time="0.083" /><testcase classname="backend.tests.test_p1_refactor.TestTransactionsExport" name="test_export_no_data_returns_404" time="0.041" /><testcase classname="backend.tests.test_p1_refactor.TestTransactionsExport" name="test_export_invalid_date_returns_400" time="0.044" /><testcase classname="backend.tests.test_p1_refactor.TestTransactionsExport" name="test_export_with_data_returns_pdf" time="0.045" /><testcase classname="backend.tests.test_p1_refactor.TestBillingPortal" name="test_unauthenticated_rejected" time="0.145" /><testcase classname="backend.tests.test_p1_refactor.TestBillingPortal" name="test_operator_with_no_billing_returns_404_or_503" time="0.170" /><testcase classname="backend.tests.test_p1_refactor.TestCreditPacks" name="test_public_plans_excludes_credit_packs" time="0.094" /><testcase classname="backend.tests.test_p1_refactor.TestCreditPacks" name="test_operator_plans_includes_credit_packs" time="0.082" /><testcase classname="backend.tests.test_p1_refactor.TestDeployProjectsAPI" name="test_unauthenticated_rejected" time="0.088" /><testcase classname="backend.tests.test_p1_refactor.TestDeployProjectsAPI" name="test_invalid_bearer_rejected" time="0.088" /><testcase classname="backend.tests.test_p1_refactor.TestDeployProjectsAPI" name="test_full_lifecycle" time="0.690" /><testcase classname="backend.tests.test_p1_refactor.TestDeployProjectsAPI" name="test_key_status_endpoint_never_echoes_secrets" time="0.084" /><testcase classname="backend.tests.test_p1_refactor.TestAIDeployEndpoints" name="test_deploy_requires_bearer" time="0.092" /><testcase classname="backend.tests.test_p1_refactor.TestAIDeployEndpoints" name="test_deploy_rejects_invalid_bearer" time="0.095" /><testcase classname="backend.tests.test_p1_refactor.TestAIDeployEndpoints" name="test_deploy_validates_target" time="0.370" /><testcase classname="backend.tests.test_p1_refactor.TestAIDeployEndpoints" name="test_deploy_404_for_unknown_project" time="0.185" /><testcase classname="backend.tests.test_p1_refactor.TestAIDeployEndpoints" name="test_redeploy_400_without_prior_deploy" time="0.438" /><testcase classname="backend.tests.test_p2_deploy_extras.TestClone" name="test_op_clone_returns_new_blank_domain" time="0.834" /><testcase classname="backend.tests.test_p2_deploy_extras.TestClone" name="test_ai_clone_works" time="0.091" /><testcase classname="backend.tests.test_p2_deploy_extras.TestClone" name="test_clone_requires_auth" time="0.094" /><testcase classname="backend.tests.test_p2_deploy_extras.TestClone" name="test_clone_404_for_unknown" time="0.044" /><testcase classname="backend.tests.test_p2_deploy_extras.TestPatchDomain" name="test_update_domain" time="0.090" /><testcase classname="backend.tests.test_p2_deploy_extras.TestPatchDomain" name="test_update_domain_404" time="0.043" /><testcase classname="backend.tests.test_p2_deploy_extras.TestPatchDomain" name="test_update_domain_empty_400" time="0.044" /><testcase classname="backend.tests.test_p2_deploy_extras.TestSelfDownload" name="test_op_self_download" time="0.142" /><testcase classname="backend.tests.test_p2_deploy_extras.TestSelfDownload" name="test_ai_self_download" time="0.189" /><testcase classname="backend.tests.test_p2_deploy_extras.TestSelfDownload" name="test_ai_self_download_requires_auth" time="0.094" /><testcase classname="backend.tests.test_p2_deploy_extras.TestProjectDownload" name="test_op_download_returns_zip_or_502" time="0.376" /><testcase classname="backend.tests.test_p2_deploy_extras.TestProjectDownload" name="test_ai_download_requires_auth" time="0.091" /><testcase classname="backend.tests.test_p2_deploy_extras.TestProjectDownload" name="test_op_download_404_unknown" time="0.043" /><testcase classname="backend.tests.test_p2_deploy_extras.TestCodeReview" name="test_op_code_review_reachable" time="2.397" /><testcase classname="backend.tests.test_p2_deploy_extras.TestCodeReview" name="test_ai_code_review_requires_auth" time="0.102" /><testcase classname="backend.tests.test_p2_deploy_extras.TestCodeReview" name="test_op_code_review_404_unknown" time="0.140" /><testcase classname="backend.tests.test_p3_ship_gate.TestProductionBlocked" name="test_production_returns_412_with_review_payload" time="0.363" /><testcase classname="backend.tests.test_p3_ship_gate.TestFixChatSeeded" name="test_fix_chat_session_has_user_message_with_findings" time="0.090" /><testcase classname="backend.tests.test_p3_ship_gate.TestBypassReview" name="test_bypass_review_skips_gate_and_attempts_vercel" time="0.047" /><testcase classname="backend.tests.test_p3_ship_gate.TestPreviewSkipsGate" name="test_preview_does_not_trigger_412" time="0.042" /><testcase classname="backend.tests.test_p3_ship_gate.TestAISurfaceObeysGate" name="test_ai_surface_production_blocked_by_default" time="0.178" /><testcase classname="backend.tests.test_p3_ship_gate.TestAISurfaceObeysGate" name="test_ai_surface_with_bypass_skips_gate" time="0.099" /><testcase classname="backend.tests.test_p4_autopilot" name="test_do_not_ship_emits_gate_blocked" time="0.011" /><testcase classname="backend.tests.test_p4_autopilot" name="test_bypass_review_skips_gate" time="0.003" /><testcase classname="backend.tests.test_p4_autopilot" name="test_unknown_project_emits_single_loop_error" time="0.002" /><testcase classname="backend.tests.test_p4_autopilot" name="test_ship_verdict_skips_gate" time="0.002" /><testcase classname="backend.tests.test_p4_autopilot" name="test_ai_surface_unauth_returns_401" time="0.001" /><testcase classname="backend.tests.test_p4_autopilot" name="test_ai_surface_bearer_same_sse_shape" time="0.004" /><testcase classname="backend.tests.test_p5_auto_fix" name="test_disabled_autofix_still_blocks" time="0.006" /><testcase classname="backend.tests.test_p5_auto_fix" name="test_autofix_converges_to_ship" time="0.003" /><testcase classname="backend.tests.test_p5_auto_fix" name="test_autofix_exhausted_emits_gate_blocked" time="0.004" /><testcase classname="backend.tests.test_p5_auto_fix" name="test_autofix_max_iterations_hard_capped" time="0.004" /><testcase classname="backend.tests.test_p6_session_features.TestDiscountCampaign" name="test_apply_and_clear" time="0.604" /><testcase classname="backend.tests.test_p6_session_features.TestMarketingBanner" name="test_public_get" time="0.095" /><testcase classname="backend.tests.test_p6_session_features.TestMarketingBanner" name="test_operator_put_and_speed_clamp" time="0.187" /><testcase classname="backend.tests.test_p6_session_features.TestProjectSettings" name="test_get_settings_shape" time="0.093" /><testcase classname="backend.tests.test_p6_session_features.TestProjectSettings" name="test_put_settings_env_var_lifecycle" time="0.404" /><testcase classname="backend.tests.test_p6_session_features.TestDeployKey" name="test_key_endpoint_has_github_token_field" time="0.046" /><testcase classname="backend.tests.test_p6_session_features.TestNotifications" name="test_audiences" time="0.049" /><testcase classname="backend.tests.test_p6_session_features.TestNotifications" name="test_user_list_empty_for_fresh" time="0.352" /><testcase classname="backend.tests.test_p6_session_features.TestNotifications" name="test_dm_single_user_and_user_reads" time="0.253" /><testcase classname="backend.tests.test_p6_session_features.TestNotifications" name="test_2fa_reminder_idempotent_and_creates_fresh" time="0.212" /><testcase classname="backend.tests.test_p6_session_features.TestNotifications" name="test_broadcast_only_no_2fa_filter" time="0.093" /><testcase classname="backend.tests.test_p6_session_features.TestNotifications" name="test_read_all" time="0.212" /><testcase classname="backend.tests.test_p6_session_features.TestNotifications" name="test_delete_others_notification_forbidden" time="0.131" /><testcase classname="backend.tests.test_p6_session_features.TestCreditsAdjuster" name="test_add_and_deduct" time="0.189" /></testsuite></testsuites>