<?xml version="1.0" encoding="utf-8"?><testsuites name="pytest tests"><testsuite name="pytest" errors="0" failures="0" skipped="0" tests="14" time="2.376" timestamp="2026-06-14T16:31:45.283145+00:00" hostname="agent-env-59a94d25-7d70-4f5a-b734-5f1407d9c256"><testcase classname="tests.test_iter28_final_verification.TestChangelogPublic" name="test_public_changelog_anonymous_no_auth" time="0.310" /><testcase classname="tests.test_iter28_final_verification.TestChangelogPublic" name="test_public_changelog_limit_clamped" time="0.142" /><testcase classname="tests.test_iter28_final_verification.TestChangelogPublic" name="test_public_changelog_entry_shape" time="0.115" /><testcase classname="tests.test_iter28_final_verification.TestChangelogOperator" name="test_create_then_visible_publicly_then_delete" time="0.805" /><testcase classname="tests.test_iter28_final_verification.TestChangelogOperator" name="test_anonymous_cannot_create" time="0.097" /><testcase classname="tests.test_iter28_final_verification.TestChangelogOperator" name="test_delete_nonexistent_returns_404" time="0.045" /><testcase classname="tests.test_iter28_final_verification.TestAutoFixIncludeHealth" name="test_get_config_contains_include_health" time="0.049" /><testcase classname="tests.test_iter28_final_verification.TestAutoFixIncludeHealth" name="test_put_config_toggles_include_health" time="0.209" /><testcase classname="tests.test_iter28_final_verification.TestAutoFixIncludeHealth" name="test_run_now_response_shape" time="0.049" /><testcase classname="tests.test_iter28_final_verification.TestHealthCheckEndpoint" name="test_healthcheck_unknown_project_404" time="0.056" /><testcase classname="tests.test_iter28_final_verification.TestRegression" name="test_status_endpoint_anonymous" time="0.136" /><testcase classname="tests.test_iter28_final_verification.TestRegression" name="test_ai_build_history_loads" time="0.063" /><testcase classname="tests.test_iter28_final_verification.TestRegression" name="test_operator_stats_loads" time="0.063" /><testcase classname="tests.test_iter28_final_verification.TestAiBuildGc" name="test_discarded_plan_25h_old_removed_opened_preserved" time="0.100" /></testsuite></testsuites>