<?xml version="1.0" encoding="utf-8"?><testsuites name="pytest tests"><testsuite name="pytest" errors="0" failures="0" skipped="1" tests="45" time="10.184" timestamp="2026-06-13T00:39:11.286596+00:00" hostname="agent-env-59a94d25-7d70-4f5a-b734-5f1407d9c256"><testcase classname="tests.test_p0_review.TestOperatorCodesFile" name="test_read_server_py" time="0.523" /><testcase classname="tests.test_p0_review.TestOperatorCodesFile" name="test_disallowed_path" time="0.370" /><testcase classname="tests.test_p0_review.TestOperatorCodesFile" name="test_missing_file" time="0.378" /><testcase classname="tests.test_p0_review.TestPasswordResetDecode" name="test_forgot_password_then_reset" time="0.716"><skipped type="pytest.skip" message="forgot-password did not return token in response; reset-decode bad-token path verified">/app/backend/tests/test_p0_review.py:113: forgot-password did not return token in response; reset-decode bad-token path verified</skipped></testcase><testcase classname="tests.test_p0_review.TestPasswordResetDecode" name="test_reset_with_invalid_token" time="0.089" /><testcase classname="tests.test_p0_review.TestTwoFactorCookieVerify" name="test_register_enable_2fa_login_verify_via_cookie" time="1.846" /><testcase classname="tests.test_p0_review.TestTwoFactorCookieVerify" name="test_verify_without_session_fails_clean" time="0.127" /><testcase classname="tests.test_p1_refactor.TestOpsHealth" name="test_health_payload_shape" time="0.568" /><testcase classname="tests.test_p1_refactor.TestWithdrawCron" name="test_cron_returns_ran_at_and_attempts" time="0.057" /><testcase classname="tests.test_p1_refactor.TestConnectionDispatch" name="test_known_providers_return_ok_message[paypal]" time="0.045" /><testcase classname="tests.test_p1_refactor.TestConnectionDispatch" name="test_known_providers_return_ok_message[stripe]" time="0.202" /><testcase classname="tests.test_p1_refactor.TestConnectionDispatch" name="test_known_providers_return_ok_message[resend]" time="0.217" /><testcase classname="tests.test_p1_refactor.TestConnectionDispatch" name="test_unknown_provider_returns_400" time="0.049" /><testcase classname="tests.test_p1_refactor.TestTransactionsExport" name="test_export_no_data_returns_404" time="0.055" /><testcase classname="tests.test_p1_refactor.TestTransactionsExport" name="test_export_invalid_date_returns_400" time="0.051" /><testcase classname="tests.test_p1_refactor.TestTransactionsExport" name="test_export_with_data_returns_pdf" time="0.048" /><testcase classname="tests.test_p1_refactor.TestBillingPortal" name="test_unauthenticated_rejected" time="0.141" /><testcase classname="tests.test_p1_refactor.TestBillingPortal" name="test_operator_with_no_billing_returns_404_or_503" time="0.156" /><testcase classname="tests.test_p1_refactor.TestCreditPacks" name="test_public_plans_excludes_credit_packs" time="0.095" /><testcase classname="tests.test_p1_refactor.TestCreditPacks" name="test_operator_plans_includes_credit_packs" time="0.047" /><testcase classname="tests.test_p1_refactor.TestDeployProjectsAPI" name="test_unauthenticated_rejected" time="0.109" /><testcase classname="tests.test_p1_refactor.TestDeployProjectsAPI" name="test_invalid_bearer_rejected" time="0.099" /><testcase classname="tests.test_p1_refactor.TestDeployProjectsAPI" name="test_full_lifecycle" time="0.652" /><testcase classname="tests.test_p1_refactor.TestDeployProjectsAPI" name="test_key_status_endpoint_never_echoes_secrets" time="0.112" /><testcase classname="tests.test_p1_refactor.TestAIDeployEndpoints" name="test_deploy_requires_bearer" time="0.094" /><testcase classname="tests.test_p1_refactor.TestAIDeployEndpoints" name="test_deploy_rejects_invalid_bearer" time="0.120" /><testcase classname="tests.test_p1_refactor.TestAIDeployEndpoints" name="test_deploy_validates_target" time="0.346" /><testcase classname="tests.test_p1_refactor.TestAIDeployEndpoints" name="test_deploy_404_for_unknown_project" time="0.150" /><testcase classname="tests.test_p1_refactor.TestAIDeployEndpoints" name="test_redeploy_400_without_prior_deploy" time="0.346" /><testcase classname="tests.test_p2_deploy_extras.TestClone" name="test_op_clone_returns_new_blank_domain" time="0.544" /><testcase classname="tests.test_p2_deploy_extras.TestClone" name="test_ai_clone_works" time="0.101" /><testcase classname="tests.test_p2_deploy_extras.TestClone" name="test_clone_requires_auth" time="0.095" /><testcase classname="tests.test_p2_deploy_extras.TestClone" name="test_clone_404_for_unknown" time="0.050" /><testcase classname="tests.test_p2_deploy_extras.TestPatchDomain" name="test_update_domain" time="0.097" /><testcase classname="tests.test_p2_deploy_extras.TestPatchDomain" name="test_update_domain_404" time="0.050" /><testcase classname="tests.test_p2_deploy_extras.TestPatchDomain" name="test_update_domain_empty_400" time="0.051" /><testcase classname="tests.test_p2_deploy_extras.TestSelfDownload" name="test_op_self_download" time="0.142" /><testcase classname="tests.test_p2_deploy_extras.TestSelfDownload" name="test_ai_self_download" time="0.194" /><testcase classname="tests.test_p2_deploy_extras.TestSelfDownload" name="test_ai_self_download_requires_auth" time="0.109" /><testcase classname="tests.test_p2_deploy_extras.TestProjectDownload" name="test_op_download_returns_zip_or_502" time="0.307" /><testcase classname="tests.test_p2_deploy_extras.TestProjectDownload" name="test_ai_download_requires_auth" time="0.110" /><testcase classname="tests.test_p2_deploy_extras.TestProjectDownload" name="test_op_download_404_unknown" time="0.050" /><testcase classname="tests.test_p2_deploy_extras.TestCodeReview" name="test_op_code_review_reachable" time="0.156" /><testcase classname="tests.test_p2_deploy_extras.TestCodeReview" name="test_ai_code_review_requires_auth" time="0.095" /><testcase classname="tests.test_p2_deploy_extras.TestCodeReview" name="test_op_code_review_404_unknown" time="0.143" /></testsuite></testsuites>