<?xml version="1.0" encoding="utf-8"?><testsuites name="pytest tests"><testsuite name="pytest" errors="0" failures="0" skipped="0" tests="12" time="115.770" timestamp="2026-06-13T20:54:44.026331+00:00" hostname="agent-env-59a94d25-7d70-4f5a-b734-5f1407d9c256"><testcase classname="tests.test_iter17_runtime_errors_and_friends.TestRuntimeErrorsPublic" name="test_ingest_accepts_minimal_payload_with_202" time="0.203" /><testcase classname="tests.test_iter17_runtime_errors_and_friends.TestRuntimeErrorsPublic" name="test_ingest_dedupe_increments_count_and_returns_merged_into" time="0.051" /><testcase classname="tests.test_iter17_runtime_errors_and_friends.TestRuntimeErrorsPublic" name="test_ingest_rejects_empty_message_via_pydantic" time="0.055" /><testcase classname="tests.test_iter17_runtime_errors_and_friends.TestRuntimeErrorsPublic" name="test_zz_ingest_rate_limit_returns_soft_fail_after_30" time="2.626" /><testcase classname="tests.test_iter17_runtime_errors_and_friends.TestRuntimeErrorsOperator" name="test_list_returns_array_sorted_newest_first" time="0.366" /><testcase classname="tests.test_iter17_runtime_errors_and_friends.TestRuntimeErrorsOperator" name="test_rca_returns_full_shape_and_persists_to_doc" time="7.340" /><testcase classname="tests.test_iter17_runtime_errors_and_friends.TestRuntimeErrorsOperator" name="test_rca_404_on_missing_id" time="0.042" /><testcase classname="tests.test_iter17_runtime_errors_and_friends.TestRuntimeErrorsOperator" name="test_dismiss_hides_from_default_list" time="62.262" /><testcase classname="tests.test_iter17_runtime_errors_and_friends.TestRuntimeErrorsOperator" name="test_delete_removes_permanently" time="0.093" /><testcase classname="tests.test_iter17_runtime_errors_and_friends.TestAILearningsDigest" name="test_digest_returns_documented_shape" time="1.700" /><testcase classname="tests.test_iter17_runtime_errors_and_friends.TestDeployPreviews" name="test_previews_returns_array_without_500" time="0.271" /><testcase classname="tests.test_iter17_runtime_errors_and_friends.TestAITestsCron" name="test_cron_run_now_returns_200_with_known_shape" time="40.673" /></testsuite></testsuites>