<?xml version="1.0" encoding="utf-8"?><testsuites name="pytest tests"><testsuite name="pytest" errors="0" failures="0" skipped="0" tests="12" time="7.321" timestamp="2026-06-14T22:40:34.697206+00:00" hostname="agent-env-59a94d25-7d70-4f5a-b734-5f1407d9c256"><testcase classname="tests.test_iter30_settings_collection_fix" name="test_operator_login_works" time="0.439" /><testcase classname="tests.test_iter30_settings_collection_fix" name="test_settings_doc_contains_github_token_and_vercel_token" time="0.063" /><testcase classname="tests.test_iter30_settings_collection_fix" name="test_no_legacy_payment_settings_collection" time="0.001" /><testcase classname="tests.test_iter30_settings_collection_fix" name="test_deploy_projects_returns_200_no_github_token_503" time="0.052" /><testcase classname="tests.test_iter30_settings_collection_fix" name="test_deploy_access_default_get_returns_boolean" time="0.050" /><testcase classname="tests.test_iter30_settings_collection_fix" name="test_deploy_access_default_patch_persists_to_settings_doc" time="0.296" /><testcase classname="tests.test_iter30_settings_collection_fix" name="test_ai_build_plan_does_not_return_github_token_missing_503" time="5.369" /><testcase classname="tests.test_iter30_settings_collection_fix" name="test_ai_build_open_pr_does_not_return_github_token_missing_503" time="0.050" /><testcase classname="tests.test_iter30_settings_collection_fix" name="test_ai_build_preview_url_does_not_500_on_settings_read" time="0.054" /><testcase classname="tests.test_iter30_settings_collection_fix" name="test_initial_push_does_not_return_github_token_missing_503" time="0.049" /><testcase classname="tests.test_iter30_settings_collection_fix" name="test_signup_reads_default_can_deploy_from_settings_doc" time="0.809" /><testcase classname="tests.test_iter30_settings_collection_fix" name="test_backend_logs_show_no_github_token_lookup_errors" time="0.005" /></testsuite></testsuites>