<?xml version="1.0" encoding="utf-8"?><testsuites name="pytest tests"><testsuite name="pytest" errors="0" failures="0" skipped="0" tests="14" time="3.425" timestamp="2026-06-13T09:06:22.030387+00:00" hostname="agent-env-59a94d25-7d70-4f5a-b734-5f1407d9c256"><testcase classname="backend.tests.test_p6_session_features.TestDiscountCampaign" name="test_apply_and_clear" time="0.661" /><testcase classname="backend.tests.test_p6_session_features.TestMarketingBanner" name="test_public_get" time="0.098" /><testcase classname="backend.tests.test_p6_session_features.TestMarketingBanner" name="test_operator_put_and_speed_clamp" time="0.192" /><testcase classname="backend.tests.test_p6_session_features.TestProjectSettings" name="test_get_settings_shape" time="0.089" /><testcase classname="backend.tests.test_p6_session_features.TestProjectSettings" name="test_put_settings_env_var_lifecycle" time="0.511" /><testcase classname="backend.tests.test_p6_session_features.TestDeployKey" name="test_key_endpoint_has_github_token_field" time="0.044" /><testcase classname="backend.tests.test_p6_session_features.TestNotifications" name="test_audiences" time="0.083" /><testcase classname="backend.tests.test_p6_session_features.TestNotifications" name="test_user_list_empty_for_fresh" time="0.390" /><testcase classname="backend.tests.test_p6_session_features.TestNotifications" name="test_dm_single_user_and_user_reads" time="0.367" /><testcase classname="backend.tests.test_p6_session_features.TestNotifications" name="test_2fa_reminder_idempotent_and_creates_fresh" time="0.208" /><testcase classname="backend.tests.test_p6_session_features.TestNotifications" name="test_broadcast_only_no_2fa_filter" time="0.129" /><testcase classname="backend.tests.test_p6_session_features.TestNotifications" name="test_read_all" time="0.166" /><testcase classname="backend.tests.test_p6_session_features.TestNotifications" name="test_delete_others_notification_forbidden" time="0.206" /><testcase classname="backend.tests.test_p6_session_features.TestCreditsAdjuster" name="test_add_and_deduct" time="0.188" /></testsuite></testsuites>