<?xml version="1.0" encoding="utf-8"?><testsuites name="pytest tests"><testsuite name="pytest" errors="0" failures="0" skipped="0" tests="7" time="90.047" timestamp="2026-06-14T23:30:20.358005+00:00" hostname="agent-env-59a94d25-7d70-4f5a-b734-5f1407d9c256"><testcase classname="backend.tests.test_iter31_backup_snapshots_and_rate_limit" name="test_backend_online" time="0.155" /><testcase classname="backend.tests.test_iter31_backup_snapshots_and_rate_limit" name="test_list_snapshots_initial_shape" time="0.326" /><testcase classname="backend.tests.test_iter31_backup_snapshots_and_rate_limit" name="test_create_snapshot_writes_file_to_disk" time="0.098" /><testcase classname="backend.tests.test_iter31_backup_snapshots_and_rate_limit" name="test_download_snapshot_returns_export_shape" time="0.111" /><testcase classname="backend.tests.test_iter31_backup_snapshots_and_rate_limit" name="test_download_path_traversal_blocked" time="0.149" /><testcase classname="backend.tests.test_iter31_backup_snapshots_and_rate_limit" name="test_restore_snapshot_merge_does_not_wipe" time="0.123" /><testcase classname="backend.tests.test_iter31_backup_snapshots_and_rate_limit" name="test_runtime_errors_rate_limit_inmemory_fallback" time="89.004" /></testsuite></testsuites>