<?xml version="1.0" encoding="utf-8"?><testsuites name="pytest tests"><testsuite name="pytest" errors="0" failures="0" skipped="0" tests="10" time="1.043" timestamp="2026-06-14T02:04:45.041490+00:00" hostname="agent-env-59a94d25-7d70-4f5a-b734-5f1407d9c256"><testcase classname="tests.test_iter24_cross_ai_review.TestPreviewUrl" name="test_unauth_401" time="0.258" /><testcase classname="tests.test_iter24_cross_ai_review.TestPreviewUrl" name="test_unknown_plan_404" time="0.372" /><testcase classname="tests.test_iter24_cross_ai_review.TestPreviewUrl" name="test_plan_without_branch_409" time="0.092" /><testcase classname="tests.test_iter24_cross_ai_review.TestPreviewUrl" name="test_plan_with_branch_no_vercel_token" time="0.053" /><testcase classname="tests.test_iter24_cross_ai_review.TestPlanReviewField" name="test_plan_503_when_token_missing" time="0.049" /><testcase classname="tests.test_iter24_cross_ai_review.TestSecondOpinionEscalation" name="test_escalation_promotes_verdict" time="0.000" /><testcase classname="tests.test_iter24_cross_ai_review.TestSecondOpinionEscalation" name="test_no_escalation_when_primary_already_blocks" time="0.000" /><testcase classname="tests.test_iter24_cross_ai_review.TestSecondOpinionEscalation" name="test_no_escalation_when_second_approves" time="0.000" /><testcase classname="tests.test_iter24_cross_ai_review.TestSecondOpinionEscalation" name="test_code_review_escalation_source_present" time="0.000" /><testcase classname="tests.test_iter24_cross_ai_review.TestShipGate412IncludesSecondOpinion" name="test_412_carries_second_opinion" time="0.075" /></testsuite></testsuites>