<?xml version="1.0" encoding="utf-8"?><testsuites name="pytest tests"><testsuite name="pytest" errors="0" failures="0" skipped="0" tests="12" time="7.015" timestamp="2026-06-13T21:47:20.593984+00:00" hostname="agent-env-59a94d25-7d70-4f5a-b734-5f1407d9c256"><testcase classname="tests.test_iter19_app_settings_lockdown.TestPublicAnnouncement" name="test_public_no_auth_returns_only_banner_fields" time="0.784" /><testcase classname="tests.test_iter19_app_settings_lockdown.TestOperatorAppSettings" name="test_op_get_returns_all_three_fields" time="0.306" /><testcase classname="tests.test_iter19_app_settings_lockdown.TestOperatorAppSettings" name="test_partial_patch_only_flips_provided_field" time="0.406" /><testcase classname="tests.test_iter19_app_settings_lockdown.TestOperatorAppSettings" name="test_empty_patch_returns_state_without_mutating" time="0.497" /><testcase classname="tests.test_iter19_app_settings_lockdown.TestOperatorAppSettings" name="test_banner_text_empty_falls_back_to_default" time="0.292" /><testcase classname="tests.test_iter19_app_settings_lockdown.TestOperatorAppSettings" name="test_banner_text_over_2000_rejected_by_pydantic" time="0.317" /><testcase classname="tests.test_iter19_app_settings_lockdown.TestOperatorAppSettings" name="test_banner_text_exactly_2000_accepted" time="0.311" /><testcase classname="tests.test_iter19_app_settings_lockdown.TestLockdown" name="test_nonoperator_blocked_with_503_when_locked" time="0.846" /><testcase classname="tests.test_iter19_app_settings_lockdown.TestLockdown" name="test_operator_still_allowed_when_locked" time="0.619" /><testcase classname="tests.test_iter19_app_settings_lockdown.TestLockdown" name="test_invalid_creds_return_401_not_503_when_locked" time="0.406" /><testcase classname="tests.test_iter19_app_settings_lockdown.TestLockdown" name="test_register_blocked_with_503_when_locked" time="0.432" /><testcase classname="tests.test_iter19_app_settings_lockdown.TestRuntimeErrorPagesThrottle" name="test_throttle_row_inserted_even_when_email_fails" time="1.653" /></testsuite></testsuites>