<?xml version="1.0" encoding="utf-8"?><testsuites name="pytest tests"><testsuite name="pytest" errors="0" failures="0" skipped="0" tests="14" time="4.437" timestamp="2026-06-13T22:19:43.447627+00:00" hostname="agent-env-59a94d25-7d70-4f5a-b734-5f1407d9c256"><testcase classname="backend.tests.test_webhook_ext.TestAuth" name="test_get_requires_auth" time="0.695" /><testcase classname="backend.tests.test_webhook_ext.TestAuth" name="test_put_requires_auth" time="0.253" /><testcase classname="backend.tests.test_webhook_ext.TestAuth" name="test_post_test_requires_auth" time="0.244" /><testcase classname="backend.tests.test_webhook_ext.TestGet" name="test_shape" time="0.240" /><testcase classname="backend.tests.test_webhook_ext.TestPut" name="test_https_persists_and_returns_masked_host" time="0.262" /><testcase classname="backend.tests.test_webhook_ext.TestPut" name="test_non_https_rejected" time="0.217" /><testcase classname="backend.tests.test_webhook_ext.TestPut" name="test_garbage_url_rejected" time="0.186" /><testcase classname="backend.tests.test_webhook_ext.TestPut" name="test_empty_url_clears" time="0.220" /><testcase classname="backend.tests.test_webhook_ext.TestPut" name="test_enabled_toggle_preserves_url" time="0.272" /><testcase classname="backend.tests.test_webhook_ext.TestSend" name="test_test_without_url_returns_502" time="0.232" /><testcase classname="backend.tests.test_webhook_ext.TestSend" name="test_test_with_httpbin_succeeds" time="0.391" /><testcase classname="backend.tests.test_webhook_ext.TestSend" name="test_test_when_disabled_returns_502" time="0.227" /><testcase classname="backend.tests.test_webhook_ext.TestLockdownRegression" name="test_login_503_under_lockdown" time="0.540" /><testcase classname="backend.tests.test_webhook_ext.TestLockdownRegression" name="test_register_503_under_lockdown" time="0.387" /></testsuite></testsuites>