<?xml version="1.0" encoding="utf-8"?><testsuites name="pytest tests"><testsuite name="pytest" errors="0" failures="1" skipped="0" tests="10" time="0.452" timestamp="2026-06-13T23:35:00.064538+00:00" hostname="agent-env-59a94d25-7d70-4f5a-b734-5f1407d9c256"><testcase classname="backend.tests.test_iter22_status_page" name="test_status_endpoint_returns_200" time="0.197" /><testcase classname="backend.tests.test_iter22_status_page" name="test_status_no_auth_required" time="0.142" /><testcase classname="backend.tests.test_iter22_status_page" name="test_status_cache_control_header" time="0.000"><failure message="AssertionError: Cache-Control header is: no-store, no-cache, must-revalidate&#10;assert ('public' in 'no-store, no-cache, must-revalidate')">backend/tests/test_iter22_status_page.py:32: in test_status_cache_control_header
    assert 'public' in cc and 'max-age=30' in cc, f"Cache-Control header is: {cc}"
E   AssertionError: Cache-Control header is: no-store, no-cache, must-revalidate
E   assert ('public' in 'no-store, no-cache, must-revalidate')</failure></testcase><testcase classname="backend.tests.test_iter22_status_page" name="test_status_top_level_shape" time="0.000" /><testcase classname="backend.tests.test_iter22_status_page" name="test_status_overall_value" time="0.000" /><testcase classname="backend.tests.test_iter22_status_page" name="test_status_components_shape" time="0.000" /><testcase classname="backend.tests.test_iter22_status_page" name="test_status_models_shape" time="0.000" /><testcase classname="backend.tests.test_iter22_status_page" name="test_status_critical_count_is_int" time="0.000" /><testcase classname="backend.tests.test_iter22_status_page" name="test_status_incidents_shape" time="0.000" /><testcase classname="backend.tests.test_iter22_status_page" name="test_status_database_consistent_with_overall" time="0.000" /></testsuite></testsuites>