<?xml version="1.0" encoding="utf-8"?><testsuites name="pytest tests"><testsuite name="pytest" errors="0" failures="0" skipped="0" tests="6" time="1.206" timestamp="2026-06-13T00:57:42.131843+00:00" hostname="agent-env-59a94d25-7d70-4f5a-b734-5f1407d9c256"><testcase classname="tests.test_p3_ship_gate.TestProductionBlocked" name="test_production_returns_412_with_review_payload" time="0.537" /><testcase classname="tests.test_p3_ship_gate.TestFixChatSeeded" name="test_fix_chat_session_has_user_message_with_findings" time="0.103" /><testcase classname="tests.test_p3_ship_gate.TestBypassReview" name="test_bypass_review_skips_gate_and_attempts_vercel" time="0.055" /><testcase classname="tests.test_p3_ship_gate.TestPreviewSkipsGate" name="test_preview_does_not_trigger_412" time="0.050" /><testcase classname="tests.test_p3_ship_gate.TestAISurfaceObeysGate" name="test_ai_surface_production_blocked_by_default" time="0.159" /><testcase classname="tests.test_p3_ship_gate.TestAISurfaceObeysGate" name="test_ai_surface_with_bypass_skips_gate" time="0.118" /></testsuite></testsuites>