<?xml version="1.0" encoding="utf-8"?><testsuites name="pytest tests"><testsuite name="pytest" errors="0" failures="0" skipped="0" tests="9" time="3.297" timestamp="2026-06-14T18:10:17.237902+00:00" hostname="agent-env-59a94d25-7d70-4f5a-b734-5f1407d9c256"><testcase classname="tests.test_iter29_security_and_ai_tests" name="test_deploy_projects_returns_200" time="0.425" /><testcase classname="tests.test_iter29_security_and_ai_tests" name="test_kyc_bypass_requires_auth" time="0.104" /><testcase classname="tests.test_iter29_security_and_ai_tests" name="test_kyc_bypass_crud_and_helper" time="0.376" /><testcase classname="tests.test_iter29_security_and_ai_tests" name="test_vanish_reregister_approve_e2e" time="1.517" /><testcase classname="tests.test_iter29_security_and_ai_tests" name="test_pending_user_reject" time="0.403" /><testcase classname="tests.test_iter29_security_and_ai_tests" name="test_run_tests_404_for_unknown_plan" time="0.072" /><testcase classname="tests.test_iter29_security_and_ai_tests" name="test_get_run_tests_404_for_unknown_plan" time="0.050" /><testcase classname="tests.test_iter29_security_and_ai_tests" name="test_get_run_tests_not_run_for_existing_plan" time="0.058" /><testcase classname="tests.test_iter29_security_and_ai_tests" name="test_auto_fix_config_persists_new_fields" time="0.204" /></testsuite></testsuites>