<?xml version="1.0" encoding="utf-8"?><testsuites name="pytest tests"><testsuite name="pytest" errors="0" failures="0" skipped="0" tests="42" time="7.092" timestamp="2026-06-14T22:40:47.148506+00:00" hostname="agent-env-59a94d25-7d70-4f5a-b734-5f1407d9c256"><testcase classname="tests.test_iter29_security_and_ai_tests" name="test_deploy_projects_returns_200" time="0.453" /><testcase classname="tests.test_iter29_security_and_ai_tests" name="test_kyc_bypass_requires_auth" time="0.108" /><testcase classname="tests.test_iter29_security_and_ai_tests" name="test_kyc_bypass_crud_and_helper" time="0.415" /><testcase classname="tests.test_iter29_security_and_ai_tests" name="test_vanish_reregister_approve_e2e" time="1.520" /><testcase classname="tests.test_iter29_security_and_ai_tests" name="test_pending_user_reject" time="0.405" /><testcase classname="tests.test_iter29_security_and_ai_tests" name="test_run_tests_404_for_unknown_plan" time="0.044" /><testcase classname="tests.test_iter29_security_and_ai_tests" name="test_get_run_tests_404_for_unknown_plan" time="0.043" /><testcase classname="tests.test_iter29_security_and_ai_tests" name="test_get_run_tests_not_run_for_existing_plan" time="0.047" /><testcase classname="tests.test_iter29_security_and_ai_tests" name="test_auto_fix_config_persists_new_fields" time="0.213" /><testcase classname="tests.test_iter28_final_verification.TestChangelogPublic" name="test_public_changelog_anonymous_no_auth" time="0.134" /><testcase classname="tests.test_iter28_final_verification.TestChangelogPublic" name="test_public_changelog_limit_clamped" time="0.151" /><testcase classname="tests.test_iter28_final_verification.TestChangelogPublic" name="test_public_changelog_entry_shape" time="0.100" /><testcase classname="tests.test_iter28_final_verification.TestChangelogOperator" name="test_create_then_visible_publicly_then_delete" time="0.706" /><testcase classname="tests.test_iter28_final_verification.TestChangelogOperator" name="test_anonymous_cannot_create" time="0.105" /><testcase classname="tests.test_iter28_final_verification.TestChangelogOperator" name="test_delete_nonexistent_returns_404" time="0.044" /><testcase classname="tests.test_iter28_final_verification.TestAutoFixIncludeHealth" name="test_get_config_contains_include_health" time="0.045" /><testcase classname="tests.test_iter28_final_verification.TestAutoFixIncludeHealth" name="test_put_config_toggles_include_health" time="0.255" /><testcase classname="tests.test_iter28_final_verification.TestAutoFixIncludeHealth" name="test_run_now_response_shape" time="0.045" /><testcase classname="tests.test_iter28_final_verification.TestHealthCheckEndpoint" name="test_healthcheck_unknown_project_404" time="0.047" /><testcase classname="tests.test_iter28_final_verification.TestRegression" name="test_status_endpoint_anonymous" time="0.098" /><testcase classname="tests.test_iter28_final_verification.TestRegression" name="test_ai_build_history_loads" time="0.047" /><testcase classname="tests.test_iter28_final_verification.TestRegression" name="test_operator_stats_loads" time="0.046" /><testcase classname="tests.test_iter28_final_verification.TestAiBuildGc" name="test_discarded_plan_25h_old_removed_opened_preserved" time="0.020" /><testcase classname="tests.test_iter28_suggestions_autopush.TestSuggestionsAuth" name="test_post_requires_auth" time="0.133" /><testcase classname="tests.test_iter28_suggestions_autopush.TestSuggestionsAuth" name="test_get_requires_auth" time="0.100" /><testcase classname="tests.test_iter28_suggestions_autopush.TestSuggestionsContract" name="test_post_unknown_project_404" time="0.420" /><testcase classname="tests.test_iter28_suggestions_autopush.TestSuggestionsContract" name="test_get_unknown_project_404" time="0.105" /><testcase classname="tests.test_iter28_suggestions_autopush.TestSuggestionsContract" name="test_post_project_without_repo_412" time="0.103" /><testcase classname="tests.test_iter28_suggestions_autopush.TestSuggestionsContract" name="test_get_no_cache_returns_empty" time="0.099" /><testcase classname="tests.test_iter28_suggestions_autopush.TestSuggestionsContract" name="test_get_cached_payload_shape" time="0.110" /><testcase classname="tests.test_iter28_suggestions_autopush.TestPlanRequestSource" name="test_plan_request_model_accepts_source" time="0.213" /><testcase classname="tests.test_iter28_suggestions_autopush.TestPlanRequestSource" name="test_plan_request_default_source_is_manual" time="0.000" /><testcase classname="tests.test_iter28_suggestions_autopush.TestPlanRequestSource" name="test_plan_endpoint_does_not_422_on_source" time="0.101" /><testcase classname="tests.test_iter28_suggestions_autopush.TestAutoFixConfig" name="test_status_includes_auto_push_empty_repo" time="0.109" /><testcase classname="tests.test_iter28_suggestions_autopush.TestHelperImports" name="test_do_initial_push_importable" time="0.001" /><testcase classname="tests.test_iter28_suggestions_autopush.TestHelperImports" name="test_empty_repo_sweep_helper_exists" time="0.002" /><testcase classname="tests.test_iter28_suggestions_autopush.TestHelperImports" name="test_empty_repo_sweep_called_in_run_auto_fix_tick" time="0.003" /><testcase classname="tests.test_iter28_suggestions_autopush.TestHelperImports" name="test_empty_repo_sweep_output_shape" time="0.000" /><testcase classname="tests.test_iter28_suggestions_autopush.TestInitialPushRegression" name="test_unknown_project_404" time="0.093" /><testcase classname="tests.test_iter28_suggestions_autopush.TestInitialPushRegression" name="test_requires_auth" time="0.109" /><testcase classname="tests.test_iter28_suggestions_autopush.TestBaselineRegression" name="test_deploy_projects_list" time="0.101" /><testcase classname="tests.test_iter28_suggestions_autopush.TestBaselineRegression" name="test_ai_build_history" time="0.103" /></testsuite></testsuites>