<?xml version="1.0" encoding="utf-8"?><testsuites name="pytest tests"><testsuite name="pytest" errors="0" failures="0" skipped="1" tests="29" time="8.257" timestamp="2026-06-13T00:37:31.651421+00:00" hostname="agent-env-59a94d25-7d70-4f5a-b734-5f1407d9c256"><testcase classname="tests.test_p0_review.TestOperatorCodesFile" name="test_read_server_py" time="0.533" /><testcase classname="tests.test_p0_review.TestOperatorCodesFile" name="test_disallowed_path" time="0.374" /><testcase classname="tests.test_p0_review.TestOperatorCodesFile" name="test_missing_file" time="0.401" /><testcase classname="tests.test_p0_review.TestPasswordResetDecode" name="test_forgot_password_then_reset" time="0.674"><skipped type="pytest.skip" message="forgot-password did not return token in response; reset-decode bad-token path verified">/app/backend/tests/test_p0_review.py:113: forgot-password did not return token in response; reset-decode bad-token path verified</skipped></testcase><testcase classname="tests.test_p0_review.TestPasswordResetDecode" name="test_reset_with_invalid_token" time="0.096" /><testcase classname="tests.test_p0_review.TestTwoFactorCookieVerify" name="test_register_enable_2fa_login_verify_via_cookie" time="1.855" /><testcase classname="tests.test_p0_review.TestTwoFactorCookieVerify" name="test_verify_without_session_fails_clean" time="0.125" /><testcase classname="tests.test_p1_refactor.TestOpsHealth" name="test_health_payload_shape" time="0.623" /><testcase classname="tests.test_p1_refactor.TestWithdrawCron" name="test_cron_returns_ran_at_and_attempts" time="0.063" /><testcase classname="tests.test_p1_refactor.TestConnectionDispatch" name="test_known_providers_return_ok_message[paypal]" time="0.057" /><testcase classname="tests.test_p1_refactor.TestConnectionDispatch" name="test_known_providers_return_ok_message[stripe]" time="0.213" /><testcase classname="tests.test_p1_refactor.TestConnectionDispatch" name="test_known_providers_return_ok_message[resend]" time="0.224" /><testcase classname="tests.test_p1_refactor.TestConnectionDispatch" name="test_unknown_provider_returns_400" time="0.050" /><testcase classname="tests.test_p1_refactor.TestTransactionsExport" name="test_export_no_data_returns_404" time="0.054" /><testcase classname="tests.test_p1_refactor.TestTransactionsExport" name="test_export_invalid_date_returns_400" time="0.055" /><testcase classname="tests.test_p1_refactor.TestTransactionsExport" name="test_export_with_data_returns_pdf" time="0.060" /><testcase classname="tests.test_p1_refactor.TestBillingPortal" name="test_unauthenticated_rejected" time="0.134" /><testcase classname="tests.test_p1_refactor.TestBillingPortal" name="test_operator_with_no_billing_returns_404_or_503" time="0.185" /><testcase classname="tests.test_p1_refactor.TestCreditPacks" name="test_public_plans_excludes_credit_packs" time="0.145" /><testcase classname="tests.test_p1_refactor.TestCreditPacks" name="test_operator_plans_includes_credit_packs" time="0.048" /><testcase classname="tests.test_p1_refactor.TestDeployProjectsAPI" name="test_unauthenticated_rejected" time="0.099" /><testcase classname="tests.test_p1_refactor.TestDeployProjectsAPI" name="test_invalid_bearer_rejected" time="0.099" /><testcase classname="tests.test_p1_refactor.TestDeployProjectsAPI" name="test_full_lifecycle" time="0.699" /><testcase classname="tests.test_p1_refactor.TestDeployProjectsAPI" name="test_key_status_endpoint_never_echoes_secrets" time="0.103" /><testcase classname="tests.test_p1_refactor.TestAIDeployEndpoints" name="test_deploy_requires_bearer" time="0.091" /><testcase classname="tests.test_p1_refactor.TestAIDeployEndpoints" name="test_deploy_rejects_invalid_bearer" time="0.115" /><testcase classname="tests.test_p1_refactor.TestAIDeployEndpoints" name="test_deploy_validates_target" time="0.354" /><testcase classname="tests.test_p1_refactor.TestAIDeployEndpoints" name="test_deploy_404_for_unknown_project" time="0.162" /><testcase classname="tests.test_p1_refactor.TestAIDeployEndpoints" name="test_redeploy_400_without_prior_deploy" time="0.345" /></testsuite></testsuites>