<?xml version="1.0" encoding="utf-8"?><testsuites name="pytest tests"><testsuite name="pytest" errors="0" failures="0" skipped="1" tests="10" time="2.969" timestamp="2026-06-13T21:29:06.483905+00:00" hostname="agent-env-59a94d25-7d70-4f5a-b734-5f1407d9c256"><testcase classname="tests.test_iter18_gc_severity_autopage.TestGCEndpoint" name="test_gc_returns_expected_shape" time="0.524" /><testcase classname="tests.test_iter18_gc_severity_autopage.TestGCEndpoint" name="test_gc_idempotent" time="0.095" /><testcase classname="tests.test_iter18_gc_severity_autopage.TestGCArchiveLogic" name="test_seed_stale_proposal_then_gc_archives_and_filter_works" time="0.177" /><testcase classname="tests.test_iter18_gc_severity_autopage.TestSeverityClassifier" name="test_severity_in_ingest_response[Stripe payment declined / cannot connect to backend-critical]" time="0.334" /><testcase classname="tests.test_iter18_gc_severity_autopage.TestSeverityClassifier" name="test_severity_in_ingest_response[Unauthorized: invalid JWT-high]" time="0.116" /><testcase classname="tests.test_iter18_gc_severity_autopage.TestSeverityClassifier" name="test_severity_in_ingest_response[TypeError: Cannot read undefined-warning]" time="0.123" /><testcase classname="tests.test_iter18_gc_severity_autopage.TestSeverityClassifier" name="test_severity_in_ingest_response[some routine log-info]" time="0.097" /><testcase classname="tests.test_iter18_gc_severity_autopage.TestSeverityPersisted" name="test_operator_list_returns_severity_field" time="0.049" /><testcase classname="tests.test_iter18_gc_severity_autopage.TestSeverityPersisted" name="test_preexisting_no_severity_defaults_to_info" time="0.050" /><testcase classname="tests.test_iter18_gc_severity_autopage.TestAutoPageThrottle" name="test_critical_ingest_creates_runtime_error_pages_doc_and_throttles" time="1.265"><skipped type="pytest.skip" message="no page row inserted — email config likely missing; throttle is best-effort">/app/backend/tests/test_iter18_gc_severity_autopage.py:236: no page row inserted — email config likely missing; throttle is best-effort</skipped></testcase></testsuite></testsuites>