<?xml version="1.0" encoding="utf-8"?><testsuites name="pytest tests"><testsuite name="pytest" errors="0" failures="0" skipped="0" tests="12" time="5.405" timestamp="2026-06-13T19:34:34.064855+00:00" hostname="agent-env-59a94d25-7d70-4f5a-b734-5f1407d9c256"><testcase classname="backend.tests.test_sandbox_ai_learnings.TestSandboxAIModels" name="test_models_unauth_401" time="0.138" /><testcase classname="backend.tests.test_sandbox_ai_learnings.TestSandboxAIModels" name="test_models_ok" time="0.409" /><testcase classname="backend.tests.test_sandbox_ai_learnings.TestProposeValidation" name="test_zero_files_400" time="0.051" /><testcase classname="backend.tests.test_sandbox_ai_learnings.TestProposeValidation" name="test_single_mode_multiple_files_400" time="0.061" /><testcase classname="backend.tests.test_sandbox_ai_learnings.TestProposeValidation" name="test_bad_model_400" time="0.053" /><testcase classname="backend.tests.test_sandbox_ai_learnings.TestProposeAndSessions" name="test_propose_and_session_persisted" time="3.521" /><testcase classname="backend.tests.test_sandbox_ai_learnings.TestEditModePersistence" name="test_bogus_project_404" time="0.051" /><testcase classname="backend.tests.test_sandbox_ai_learnings.TestEditModePersistence" name="test_real_project_persists" time="0.180" /><testcase classname="backend.tests.test_sandbox_ai_learnings.TestAILearningsCRUD" name="test_create_and_list" time="0.118" /><testcase classname="backend.tests.test_sandbox_ai_learnings.TestAILearningsCRUD" name="test_patch_disable_and_text" time="0.227" /><testcase classname="backend.tests.test_sandbox_ai_learnings.TestAILearningsCRUD" name="test_delete" time="0.113" /><testcase classname="backend.tests.test_sandbox_ai_learnings.TestChatStreamWithLearning" name="test_chat_succeeds_with_marker_learning" time="0.416" /></testsuite></testsuites>