<?xml version="1.0" encoding="utf-8"?><testsuites name="pytest tests"><testsuite name="pytest" errors="0" failures="0" skipped="1" tests="51" time="14.290" timestamp="2026-06-13T00:57:48.502841+00:00" hostname="agent-env-59a94d25-7d70-4f5a-b734-5f1407d9c256"><testcase classname="tests.test_p0_review.TestOperatorCodesFile" name="test_read_server_py" time="0.441" /><testcase classname="tests.test_p0_review.TestOperatorCodesFile" name="test_disallowed_path" time="0.389" /><testcase classname="tests.test_p0_review.TestOperatorCodesFile" name="test_missing_file" time="0.404" /><testcase classname="tests.test_p0_review.TestPasswordResetDecode" name="test_forgot_password_then_reset" time="0.690"><skipped type="pytest.skip" message="forgot-password did not return token in response; reset-decode bad-token path verified">/app/backend/tests/test_p0_review.py:113: forgot-password did not return token in response; reset-decode bad-token path verified</skipped></testcase><testcase classname="tests.test_p0_review.TestPasswordResetDecode" name="test_reset_with_invalid_token" time="0.108" /><testcase classname="tests.test_p0_review.TestTwoFactorCookieVerify" name="test_register_enable_2fa_login_verify_via_cookie" time="1.947" /><testcase classname="tests.test_p0_review.TestTwoFactorCookieVerify" name="test_verify_without_session_fails_clean" time="0.101" /><testcase classname="tests.test_p1_refactor.TestOpsHealth" name="test_health_payload_shape" time="0.715" /><testcase classname="tests.test_p1_refactor.TestWithdrawCron" name="test_cron_returns_ran_at_and_attempts" time="0.046" /><testcase classname="tests.test_p1_refactor.TestConnectionDispatch" name="test_known_providers_return_ok_message[paypal]" time="0.045" /><testcase classname="tests.test_p1_refactor.TestConnectionDispatch" name="test_known_providers_return_ok_message[stripe]" time="0.203" /><testcase classname="tests.test_p1_refactor.TestConnectionDispatch" name="test_known_providers_return_ok_message[resend]" time="0.211" /><testcase classname="tests.test_p1_refactor.TestConnectionDispatch" name="test_unknown_provider_returns_400" time="0.045" /><testcase classname="tests.test_p1_refactor.TestTransactionsExport" name="test_export_no_data_returns_404" time="0.047" /><testcase classname="tests.test_p1_refactor.TestTransactionsExport" name="test_export_invalid_date_returns_400" time="0.044" /><testcase classname="tests.test_p1_refactor.TestTransactionsExport" name="test_export_with_data_returns_pdf" time="0.052" /><testcase classname="tests.test_p1_refactor.TestBillingPortal" name="test_unauthenticated_rejected" time="0.129" /><testcase classname="tests.test_p1_refactor.TestBillingPortal" name="test_operator_with_no_billing_returns_404_or_503" time="0.156" /><testcase classname="tests.test_p1_refactor.TestCreditPacks" name="test_public_plans_excludes_credit_packs" time="0.106" /><testcase classname="tests.test_p1_refactor.TestCreditPacks" name="test_operator_plans_includes_credit_packs" time="0.045" /><testcase classname="tests.test_p1_refactor.TestDeployProjectsAPI" name="test_unauthenticated_rejected" time="0.113" /><testcase classname="tests.test_p1_refactor.TestDeployProjectsAPI" name="test_invalid_bearer_rejected" time="0.097" /><testcase classname="tests.test_p1_refactor.TestDeployProjectsAPI" name="test_full_lifecycle" time="0.645" /><testcase classname="tests.test_p1_refactor.TestDeployProjectsAPI" name="test_key_status_endpoint_never_echoes_secrets" time="0.090" /><testcase classname="tests.test_p1_refactor.TestAIDeployEndpoints" name="test_deploy_requires_bearer" time="0.093" /><testcase classname="tests.test_p1_refactor.TestAIDeployEndpoints" name="test_deploy_rejects_invalid_bearer" time="0.109" /><testcase classname="tests.test_p1_refactor.TestAIDeployEndpoints" name="test_deploy_validates_target" time="0.366" /><testcase classname="tests.test_p1_refactor.TestAIDeployEndpoints" name="test_deploy_404_for_unknown_project" time="0.185" /><testcase classname="tests.test_p1_refactor.TestAIDeployEndpoints" name="test_redeploy_400_without_prior_deploy" time="0.365" /><testcase classname="tests.test_p2_deploy_extras.TestClone" name="test_op_clone_returns_new_blank_domain" time="0.551" /><testcase classname="tests.test_p2_deploy_extras.TestClone" name="test_ai_clone_works" time="0.116" /><testcase classname="tests.test_p2_deploy_extras.TestClone" name="test_clone_requires_auth" time="0.099" /><testcase classname="tests.test_p2_deploy_extras.TestClone" name="test_clone_404_for_unknown" time="0.049" /><testcase classname="tests.test_p2_deploy_extras.TestPatchDomain" name="test_update_domain" time="0.109" /><testcase classname="tests.test_p2_deploy_extras.TestPatchDomain" name="test_update_domain_404" time="0.045" /><testcase classname="tests.test_p2_deploy_extras.TestPatchDomain" name="test_update_domain_empty_400" time="0.045" /><testcase classname="tests.test_p2_deploy_extras.TestSelfDownload" name="test_op_self_download" time="0.162" /><testcase classname="tests.test_p2_deploy_extras.TestSelfDownload" name="test_ai_self_download" time="0.233" /><testcase classname="tests.test_p2_deploy_extras.TestSelfDownload" name="test_ai_self_download_requires_auth" time="0.102" /><testcase classname="tests.test_p2_deploy_extras.TestProjectDownload" name="test_op_download_returns_zip_or_502" time="0.386" /><testcase classname="tests.test_p2_deploy_extras.TestProjectDownload" name="test_ai_download_requires_auth" time="0.097" /><testcase classname="tests.test_p2_deploy_extras.TestProjectDownload" name="test_op_download_404_unknown" time="0.044" /><testcase classname="tests.test_p2_deploy_extras.TestCodeReview" name="test_op_code_review_reachable" time="2.791" /><testcase classname="tests.test_p2_deploy_extras.TestCodeReview" name="test_ai_code_review_requires_auth" time="0.154" /><testcase classname="tests.test_p2_deploy_extras.TestCodeReview" name="test_op_code_review_404_unknown" time="0.162" /><testcase classname="tests.test_p3_ship_gate.TestProductionBlocked" name="test_production_returns_412_with_review_payload" time="0.445" /><testcase classname="tests.test_p3_ship_gate.TestFixChatSeeded" name="test_fix_chat_session_has_user_message_with_findings" time="0.108" /><testcase classname="tests.test_p3_ship_gate.TestBypassReview" name="test_bypass_review_skips_gate_and_attempts_vercel" time="0.054" /><testcase classname="tests.test_p3_ship_gate.TestPreviewSkipsGate" name="test_preview_does_not_trigger_412" time="0.052" /><testcase classname="tests.test_p3_ship_gate.TestAISurfaceObeysGate" name="test_ai_surface_production_blocked_by_default" time="0.162" /><testcase classname="tests.test_p3_ship_gate.TestAISurfaceObeysGate" name="test_ai_surface_with_bypass_skips_gate" time="0.117" /></testsuite></testsuites>