<?xml version="1.0" encoding="utf-8"?><testsuites name="pytest tests"><testsuite name="pytest" errors="0" failures="0" skipped="0" tests="10" time="1.138" timestamp="2026-06-14T17:21:29.176449+00:00" hostname="agent-env-59a94d25-7d70-4f5a-b734-5f1407d9c256"><testcase classname="backend.tests.test_iter29_visual_verify.TestVisualVerifyUnknown" name="test_get_unknown_plan_returns_404" time="0.454" /><testcase classname="backend.tests.test_iter29_visual_verify.TestVisualVerifyUnknown" name="test_post_unknown_plan_returns_404" time="0.054" /><testcase classname="backend.tests.test_iter29_visual_verify.TestVisualVerifyExisting" name="test_get_existing_plan_returns_verdict" time="0.119" /><testcase classname="backend.tests.test_iter29_visual_verify.TestVisualVerifyExisting" name="test_get_existing_plan_no_verify_returns_not_run" time="0.048" /><testcase classname="backend.tests.test_iter29_visual_verify.TestVisualVerifyAuthRequired" name="test_unauthenticated_get_rejected" time="0.142" /><testcase classname="backend.tests.test_iter29_visual_verify.TestAIBuildSmoke" name="test_history_returns_200" time="0.048" /><testcase classname="backend.tests.test_iter29_visual_verify.TestAIBuildSmoke" name="test_plan_endpoint_wired" time="0.051" /><testcase classname="backend.tests.test_iter29_visual_verify.TestAIBuildSmoke" name="test_open_pr_unknown_returns_404_or_503" time="0.046" /><testcase classname="backend.tests.test_iter29_visual_verify.TestAIBuildSmoke" name="test_preview_url_unknown_returns_404_or_503" time="0.051" /><testcase classname="backend.tests.test_iter29_visual_verify.TestAutoFixStatus" name="test_status_returns_config_and_recent" time="0.049" /></testsuite></testsuites>