<?xml version="1.0" encoding="utf-8"?><testsuites name="pytest tests"><testsuite name="pytest" errors="0" failures="0" skipped="1" tests="16" time="5.783" timestamp="2026-06-12T17:40:34.741812+00:00" hostname="agent-env-59a94d25-7d70-4f5a-b734-5f1407d9c256"><testcase classname="backend.tests.test_p0_review.TestOperatorCodesFile" name="test_read_server_py" time="0.446" /><testcase classname="backend.tests.test_p0_review.TestOperatorCodesFile" name="test_disallowed_path" time="0.371" /><testcase classname="backend.tests.test_p0_review.TestOperatorCodesFile" name="test_missing_file" time="0.385" /><testcase classname="backend.tests.test_p0_review.TestPasswordResetDecode" name="test_forgot_password_then_reset" time="0.659"><skipped type="pytest.skip" message="forgot-password did not return token in response; reset-decode bad-token path verified">/app/backend/tests/test_p0_review.py:110: forgot-password did not return token in response; reset-decode bad-token path verified</skipped></testcase><testcase classname="backend.tests.test_p0_review.TestPasswordResetDecode" name="test_reset_with_invalid_token" time="0.161" /><testcase classname="backend.tests.test_p0_review.TestTwoFactorCookieVerify" name="test_register_enable_2fa_login_verify_via_cookie" time="1.883" /><testcase classname="backend.tests.test_p0_review.TestTwoFactorCookieVerify" name="test_verify_without_session_fails_clean" time="0.107" /><testcase classname="backend.tests.test_p1_refactor.TestOpsHealth" name="test_health_payload_shape" time="0.590" /><testcase classname="backend.tests.test_p1_refactor.TestWithdrawCron" name="test_cron_returns_ran_at_and_attempts" time="0.049" /><testcase classname="backend.tests.test_p1_refactor.TestConnectionDispatch" name="test_known_providers_return_ok_message[paypal]" time="0.054" /><testcase classname="backend.tests.test_p1_refactor.TestConnectionDispatch" name="test_known_providers_return_ok_message[stripe]" time="0.203" /><testcase classname="backend.tests.test_p1_refactor.TestConnectionDispatch" name="test_known_providers_return_ok_message[resend]" time="0.210" /><testcase classname="backend.tests.test_p1_refactor.TestConnectionDispatch" name="test_unknown_provider_returns_400" time="0.055" /><testcase classname="backend.tests.test_p1_refactor.TestTransactionsExport" name="test_export_no_data_returns_404" time="0.060" /><testcase classname="backend.tests.test_p1_refactor.TestTransactionsExport" name="test_export_invalid_date_returns_400" time="0.047" /><testcase classname="backend.tests.test_p1_refactor.TestTransactionsExport" name="test_export_with_data_returns_pdf" time="0.423" /></testsuite></testsuites>