<?xml version="1.0" encoding="utf-8"?><testsuites name="pytest tests"><testsuite name="pytest" errors="0" failures="0" skipped="0" tests="9" time="1.480" timestamp="2026-06-12T17:40:28.762732+00:00" hostname="agent-env-59a94d25-7d70-4f5a-b734-5f1407d9c256"><testcase classname="backend.tests.test_p1_refactor.TestOpsHealth" name="test_health_payload_shape" time="0.643" /><testcase classname="backend.tests.test_p1_refactor.TestWithdrawCron" name="test_cron_returns_ran_at_and_attempts" time="0.054" /><testcase classname="backend.tests.test_p1_refactor.TestConnectionDispatch" name="test_known_providers_return_ok_message[paypal]" time="0.054" /><testcase classname="backend.tests.test_p1_refactor.TestConnectionDispatch" name="test_known_providers_return_ok_message[stripe]" time="0.200" /><testcase classname="backend.tests.test_p1_refactor.TestConnectionDispatch" name="test_known_providers_return_ok_message[resend]" time="0.235" /><testcase classname="backend.tests.test_p1_refactor.TestConnectionDispatch" name="test_unknown_provider_returns_400" time="0.048" /><testcase classname="backend.tests.test_p1_refactor.TestTransactionsExport" name="test_export_no_data_returns_404" time="0.058" /><testcase classname="backend.tests.test_p1_refactor.TestTransactionsExport" name="test_export_invalid_date_returns_400" time="0.049" /><testcase classname="backend.tests.test_p1_refactor.TestTransactionsExport" name="test_export_with_data_returns_pdf" time="0.054" /></testsuite></testsuites>