<?xml version="1.0" encoding="utf-8"?><testsuites name="pytest tests"><testsuite name="pytest" errors="0" failures="0" skipped="1" tests="7" time="4.212" timestamp="2026-06-12T17:17:19.420138+00:00" hostname="agent-env-59a94d25-7d70-4f5a-b734-5f1407d9c256"><testcase classname="backend.tests.test_p0_review.TestOperatorCodesFile" name="test_read_server_py" time="0.482" /><testcase classname="backend.tests.test_p0_review.TestOperatorCodesFile" name="test_disallowed_path" time="0.370" /><testcase classname="backend.tests.test_p0_review.TestOperatorCodesFile" name="test_missing_file" time="0.421" /><testcase classname="backend.tests.test_p0_review.TestPasswordResetDecode" name="test_forgot_password_then_reset" time="0.707"><skipped type="pytest.skip" message="forgot-password did not return token in response; reset-decode bad-token path verified">/app/backend/tests/test_p0_review.py:110: forgot-password did not return token in response; reset-decode bad-token path verified</skipped></testcase><testcase classname="backend.tests.test_p0_review.TestPasswordResetDecode" name="test_reset_with_invalid_token" time="0.102" /><testcase classname="backend.tests.test_p0_review.TestTwoFactorCookieVerify" name="test_register_enable_2fa_login_verify_via_cookie" time="1.951" /><testcase classname="backend.tests.test_p0_review.TestTwoFactorCookieVerify" name="test_verify_without_session_fails_clean" time="0.106" /></testsuite></testsuites>